<?xml version="1.0" encoding="UTF-8"?>
<testng-results total="1" passed="1" failed="0" skipped="0">
  <reporter-output>
  </reporter-output>
  <suite started-at="2022-12-18T15:10:18Z" name="Default suite" finished-at="2022-12-18T15:10:26Z" duration-ms="8153">
    <groups>
    </groups>
    <test started-at="2022-12-18T15:10:18Z" name="Default test" finished-at="2022-12-18T15:10:26Z" duration-ms="8153">
      <class name="example.cookbook.ExplicitWaitExample">
        <test-method is-config="true" signature="initalize()[pri:0, instance:example.cookbook.ExplicitWaitExample@3eb81efb]" started-at="2022-12-18T15:10:18Z" name="initalize" finished-at="2022-12-18T15:10:19Z" duration-ms="1104" status="PASS">
        </test-method> <!-- initalize -->
        <test-method signature="dynamicContent2()[pri:0, instance:example.cookbook.ExplicitWaitExample@3eb81efb]" started-at="2022-12-18T15:10:19Z" name="dynamicContent2" finished-at="2022-12-18T15:10:26Z" duration-ms="6911" status="PASS">
        </test-method> <!-- dynamicContent2 -->
        <test-method is-config="true" signature="tearDown()[pri:0, instance:example.cookbook.ExplicitWaitExample@3eb81efb]" started-at="2022-12-18T15:10:26Z" name="tearDown" finished-at="2022-12-18T15:10:26Z" duration-ms="126" status="PASS">
        </test-method> <!-- tearDown -->
      </class> <!-- example.cookbook.ExplicitWaitExample -->
    </test> <!-- Default test -->
  </suite> <!-- Default suite -->
</testng-results>
